2020/08/29,Sat,21:21:41 The requested URL returned error: 404 Not Found at http://example.com/wp-cron.php?doing_wp_cron
2020/08/29,Sat,21:21:51 The requested URL returned error: 403  at https://razadegatos.info/sitemap_index.xml
2020/08/29,Sat,21:21:51 The requested URL returned error: 404 Not Found at http://example.com/sample-page/
2020/08/29,Sat,19:30:01 The requested URL returned error: 404 Not Found at http://example.com/wp-cron.php?doing_wp_cron
2020/08/29,Sat,19:30:12 The requested URL returned error: 403  at https://razadegatos.info/sitemap_index.xml
2020/08/29,Sat,19:36:58 The requested URL returned error: 404 Not Found at http://example.com/wp-cron.php?doing_wp_cron
2020/08/29,Sat,19:37:09 The requested URL returned error: 403  at https://razadegatos.info/sitemap_index.xml
2020/08/29,Sat,20:03:08 The requested URL returned error: 404 Not Found at http://example.com/wp-cron.php?doing_wp_cron
2020/08/29,Sat,20:03:18 The requested URL returned error: 403  at https://razadegatos.info/sitemap_index.xml
2020/08/29,Sat,20:35:02 The requested URL returned error: 404 Not Found at http://example.com/wp-cron.php?doing_wp_cron
2020/08/29,Sat,21:40:01 The requested URL returned error: 404 Not Found at http://example.com/wp-cron.php?doing_wp_cron
2020/08/29,Sat,22:45:01 The requested URL returned error: 404 Not Found at http://example.com/wp-cron.php?doing_wp_cron
2020/08/29,Sat,23:50:02 The requested URL returned error: 404 Not Found at http://example.com/wp-cron.php?doing_wp_cron
2020/08/30,Sun,00:55:01 The requested URL returned error: 404 Not Found at http://example.com/wp-cron.php?doing_wp_cron
2020/08/30,Sun,02:00:02 The requested URL returned error: 404 Not Found at http://example.com/wp-cron.php?doing_wp_cron
2020/08/30,Sun,03:05:02 The requested URL returned error: 404 Not Found at http://example.com/wp-cron.php?doing_wp_cron
2020/08/30,Sun,04:10:02 The requested URL returned error: 404 Not Found at http://example.com/wp-cron.php?doing_wp_cron
2020/08/30,Sun,05:15:02 The requested URL returned error: 404 Not Found at http://example.com/wp-cron.php?doing_wp_cron
2020/08/30,Sun,06:20:02 The requested URL returned error: 404 Not Found at http://example.com/wp-cron.php?doing_wp_cron
2020/08/30,Sun,07:25:02 The requested URL returned error: 404 Not Found at http://example.com/wp-cron.php?doing_wp_cron
2020/08/30,Sun,08:30:02 The requested URL returned error: 404 Not Found at http://example.com/wp-cron.php?doing_wp_cron
2020/08/30,Sun,09:35:01 The requested URL returned error: 404 Not Found at http://example.com/wp-cron.php?doing_wp_cron
2020/08/30,Sun,10:40:02 The requested URL returned error: 404 Not Found at http://example.com/wp-cron.php?doing_wp_cron
2020/08/30,Sun,11:45:02 The requested URL returned error: 404 Not Found at http://example.com/wp-cron.php?doing_wp_cron
2020/08/30,Sun,12:50:02 The requested URL returned error: 404 Not Found at http://example.com/wp-cron.php?doing_wp_cron
2020/08/30,Sun,13:55:01 The requested URL returned error: 404 Not Found at http://example.com/wp-cron.php?doing_wp_cron
2020/08/30,Sun,15:00:02 The requested URL returned error: 404 Not Found at http://example.com/wp-cron.php?doing_wp_cron
2020/08/30,Sun,15:50:02 The requested URL returned error: 404 Not Found at http://example.com/wp-cron.php?doing_wp_cron
2020/08/30,Sun,15:55:02 The requested URL returned error: 404 Not Found at http://example.com/wp-cron.php?doing_wp_cron
2020/08/30,Sun,17:00:01 The requested URL returned error: 404 Not Found at http://example.com/wp-cron.php?doing_wp_cron
2020/08/30,Sun,17:15:01 The requested URL returned error: 404 Not Found at http://example.com/wp-cron.php?doing_wp_cron
2020/08/30,Sun,17:45:02 The requested URL returned error: 404 Not Found at http://example.com/wp-cron.php?doing_wp_cron
2020/08/30,Sun,17:55:01 The requested URL returned error: 404 Not Found at http://example.com/wp-cron.php?doing_wp_cron
2020/08/30,Sun,18:45:02 The requested URL returned error: 404 Not Found at http://example.com/wp-cron.php?doing_wp_cron
2020/08/30,Sun,19:05:02 The requested URL returned error: 404 Not Found at http://example.com/wp-cron.php?doing_wp_cron
2020/08/30,Sun,19:10:02 The requested URL returned error: 404 Not Found at http://example.com/wp-cron.php?doing_wp_cron
2020/08/30,Sun,19:15:02 The requested URL returned error: 404 Not Found at http://example.com/wp-cron.php?doing_wp_cron
2020/08/30,Sun,19:20:02 The requested URL returned error: 404 Not Found at http://example.com/wp-cron.php?doing_wp_cron
2020/08/30,Sun,19:25:01 The requested URL returned error: 404 Not Found at http://example.com/wp-cron.php?doing_wp_cron
2020/08/30,Sun,19:35:01 The requested URL returned error: 404 Not Found at http://example.com/wp-cron.php?doing_wp_cron
2020/08/30,Sun,19:40:01 The requested URL returned error: 404 Not Found at http://example.com/wp-cron.php?doing_wp_cron
2020/08/30,Sun,19:50:02 The requested URL returned error: 404 Not Found at http://example.com/wp-cron.php?doing_wp_cron
2020/08/30,Sun,20:05:02 The requested URL returned error: 404 Not Found at http://example.com/wp-cron.php?doing_wp_cron
2020/08/30,Sun,20:10:01 The requested URL returned error: 404 Not Found at http://example.com/wp-cron.php?doing_wp_cron
2020/08/30,Sun,20:15:01 The requested URL returned error: 404 Not Found at http://example.com/wp-cron.php?doing_wp_cron
2020/08/30,Sun,20:20:01 The requested URL returned error: 404 Not Found at http://example.com/wp-cron.php?doing_wp_cron
2020/08/30,Sun,20:25:02 The requested URL returned error: 404 Not Found at http://example.com/wp-cron.php?doing_wp_cron
2020/08/30,Sun,20:30:02 The requested URL returned error: 404 Not Found at http://example.com/wp-cron.php?doing_wp_cron
2020/08/30,Sun,20:35:02 The requested URL returned error: 404 Not Found at http://example.com/wp-cron.php?doing_wp_cron
2020/08/30,Sun,21:25:01 The requested URL returned error: 404 Not Found at http://example.com/wp-cron.php?doing_wp_cron
2020/08/30,Sun,22:30:01 The requested URL returned error: 404 Not Found at http://example.com/wp-cron.php?doing_wp_cron
2020/08/30,Sun,23:15:02 The requested URL returned error: 404 Not Found at http://example.com/wp-cron.php?doing_wp_cron
2020/08/30,Sun,23:35:01 The requested URL returned error: 404 Not Found at http://example.com/wp-cron.php?doing_wp_cron
2020/08/30,Sun,23:40:02 The requested URL returned error: 404 Not Found at http://example.com/wp-cron.php?doing_wp_cron
2020/08/30,Sun,23:45:01 The requested URL returned error: 404 Not Found at http://example.com/wp-cron.php?doing_wp_cron
2020/08/30,Sun,23:50:02 The requested URL returned error: 404 Not Found at http://example.com/wp-cron.php?doing_wp_cron
2020/08/31,Mon,00:55:02 The requested URL returned error: 404 Not Found at http://example.com/wp-cron.php?doing_wp_cron
2020/08/31,Mon,01:00:02 The requested URL returned error: 404 Not Found at http://example.com/wp-cron.php?doing_wp_cron
2020/08/31,Mon,01:05:01 The requested URL returned error: 404 Not Found at http://example.com/wp-cron.php?doing_wp_cron
2020/08/31,Mon,01:10:01 The requested URL returned error: 404 Not Found at http://example.com/wp-cron.php?doing_wp_cron
2020/08/31,Mon,01:15:02 The requested URL returned error: 404 Not Found at http://example.com/wp-cron.php?doing_wp_cron
2020/08/31,Mon,01:20:02 The requested URL returned error: 404 Not Found at http://example.com/wp-cron.php?doing_wp_cron
2020/08/31,Mon,01:30:01 The requested URL returned error: 404 Not Found at http://example.com/wp-cron.php?doing_wp_cron
2020/08/31,Mon,01:35:02 The requested URL returned error: 404 Not Found at http://example.com/wp-cron.php?doing_wp_cron
2020/08/31,Mon,02:40:01 The requested URL returned error: 404 Not Found at http://example.com/wp-cron.php?doing_wp_cron
2020/08/31,Mon,03:45:01 The requested URL returned error: 404 Not Found at http://example.com/wp-cron.php?doing_wp_cron
2020/08/31,Mon,04:50:02 The requested URL returned error: 404 Not Found at http://example.com/wp-cron.php?doing_wp_cron
2020/08/31,Mon,05:55:02 The requested URL returned error: 404 Not Found at http://example.com/wp-cron.php?doing_wp_cron
2020/08/31,Mon,07:00:03 The requested URL returned error: 404 Not Found at http://example.com/wp-cron.php?doing_wp_cron
2020/08/31,Mon,08:05:01 The requested URL returned error: 404 Not Found at http://example.com/wp-cron.php?doing_wp_cron
2020/08/31,Mon,09:10:02 The requested URL returned error: 404 Not Found at http://example.com/wp-cron.php?doing_wp_cron
2020/08/31,Mon,09:15:02 The requested URL returned error: 404 Not Found at http://example.com/wp-cron.php?doing_wp_cron
2020/08/31,Mon,09:20:02 The requested URL returned error: 404 Not Found at http://example.com/wp-cron.php?doing_wp_cron
2020/08/31,Mon,09:25:01 The requested URL returned error: 404 Not Found at http://example.com/wp-cron.php?doing_wp_cron
2020/08/31,Mon,10:30:02 The requested URL returned error: 404 Not Found at http://example.com/wp-cron.php?doing_wp_cron
2020/08/31,Mon,11:35:01 The requested URL returned error: 404 Not Found at http://example.com/wp-cron.php?doing_wp_cron
2020/08/31,Mon,12:40:02 The requested URL returned error: 404 Not Found at http://example.com/wp-cron.php?doing_wp_cron
2020/08/31,Mon,13:45:02 The requested URL returned error: 404 Not Found at http://example.com/wp-cron.php?doing_wp_cron
2020/08/31,Mon,14:50:02 The requested URL returned error: 404 Not Found at http://example.com/wp-cron.php?doing_wp_cron
2020/08/31,Mon,15:55:02 The requested URL returned error: 404 Not Found at http://example.com/wp-cron.php?doing_wp_cron
2020/08/31,Mon,17:00:02 The requested URL returned error: 404 Not Found at http://example.com/wp-cron.php?doing_wp_cron
2020/08/31,Mon,18:05:02 The requested URL returned error: 404 Not Found at http://example.com/wp-cron.php?doing_wp_cron
2020/08/31,Mon,19:10:02 The requested URL returned error: 404 Not Found at http://example.com/wp-cron.php?doing_wp_cron
2020/08/31,Mon,20:15:02 The requested URL returned error: 404 Not Found at http://example.com/wp-cron.php?doing_wp_cron
2020/08/31,Mon,21:20:02 The requested URL returned error: 404 Not Found at http://example.com/wp-cron.php?doing_wp_cron
2020/08/31,Mon,22:25:01 The requested URL returned error: 404 Not Found at http://example.com/wp-cron.php?doing_wp_cron
2020/08/31,Mon,23:30:03 The requested URL returned error: 404 Not Found at http://example.com/wp-cron.php?doing_wp_cron
2020/09/01,Tue,00:35:01 The requested URL returned error: 404 Not Found at http://example.com/wp-cron.php?doing_wp_cron
2020/09/01,Tue,01:40:02 The requested URL returned error: 404 Not Found at http://example.com/wp-cron.php?doing_wp_cron
2020/09/01,Tue,02:45:02 The requested URL returned error: 404 Not Found at http://example.com/wp-cron.php?doing_wp_cron
2020/09/01,Tue,03:50:02 The requested URL returned error: 404 Not Found at http://example.com/wp-cron.php?doing_wp_cron
2020/09/01,Tue,04:55:01 The requested URL returned error: 404 Not Found at http://example.com/wp-cron.php?doing_wp_cron
2020/09/01,Tue,06:00:02 The requested URL returned error: 404 Not Found at http://example.com/wp-cron.php?doing_wp_cron
2020/09/01,Tue,07:05:02 The requested URL returned error: 404 Not Found at http://example.com/wp-cron.php?doing_wp_cron
2020/09/01,Tue,08:10:01 The requested URL returned error: 404 Not Found at http://example.com/wp-cron.php?doing_wp_cron
2020/09/01,Tue,09:15:02 The requested URL returned error: 404 Not Found at http://example.com/wp-cron.php?doing_wp_cron
2020/09/01,Tue,10:20:02 The requested URL returned error: 404 Not Found at http://example.com/wp-cron.php?doing_wp_cron
2020/09/01,Tue,11:25:02 The requested URL returned error: 404 Not Found at http://example.com/wp-cron.php?doing_wp_cron
2020/09/01,Tue,12:30:02 The requested URL returned error: 404 Not Found at http://example.com/wp-cron.php?doing_wp_cron
2020/09/01,Tue,13:35:02 The requested URL returned error: 404 Not Found at http://example.com/wp-cron.php?doing_wp_cron
2020/09/01,Tue,14:40:02 The requested URL returned error: 404 Not Found at http://example.com/wp-cron.php?doing_wp_cron
2020/09/01,Tue,15:45:02 The requested URL returned error: 404 Not Found at http://example.com/wp-cron.php?doing_wp_cron
2020/09/01,Tue,16:50:01 The requested URL returned error: 404 Not Found at http://example.com/wp-cron.php?doing_wp_cron
2020/09/01,Tue,17:55:01 The requested URL returned error: 404 Not Found at http://example.com/wp-cron.php?doing_wp_cron
2020/09/01,Tue,18:05:02 The requested URL returned error: 404 Not Found at http://example.com/wp-cron.php?doing_wp_cron
2020/09/01,Tue,18:40:02 The requested URL returned error: 404 Not Found at http://example.com/wp-cron.php?doing_wp_cron
2020/09/04,Fri,21:47:48 The requested URL returned error: 404 Not Found at http://example.com/wp-cron.php?doing_wp_cron
2020/10/12,Mon,19:07:29 The requested URL returned error: 404 Not Found at http://example.com/wp-cron.php?doing_wp_cron
2021/01/19,Tue,15:54:42 The requested URL returned error: 404 Not Found at http://example.com/wp-cron.php?doing_wp_cron
